2017-03-30 22:55:46.204  INFO 5008 --- [main] f.i.service.core.rest.Application        : Starting Application on Edme-PC with PID 5008 (C:\Users\Edme\Documents\Feedback Faces REST API Service\faces.internal.service.core-0.0.1-SNAPSHOT.jar started by Edme in C:\Users\Edme\Documents\Feedback Faces REST API Service)
2017-03-30 22:55:46.212  INFO 5008 --- [main] f.i.service.core.rest.Application        : No active profile set, falling back to default profiles: default
2017-03-30 22:55:46.811  INFO 5008 --- [main] ationConfigEmbeddedWebApplicationContext : Refreshing org.springframework.boot.context.embedded.AnnotationConfigEmbeddedWebApplicationContext@2cdf8d8a: startup date [Thu Mar 30 22:55:46 EDT 2017]; root of context hierarchy
2017-03-30 22:55:49.872  INFO 5008 --- [main] trationDelegate$BeanPostProcessorChecker : Bean 'org.springframework.boot.autoconfigure.validation.ValidationAutoConfiguration' of type [class org.springframework.boot.autoconfigure.validation.ValidationAutoConfiguration] is not eligible for getting processed by all BeanPostProcessors (for example: not eligible for auto-proxying)
2017-03-30 22:55:50.193  INFO 5008 --- [main] trationDelegate$BeanPostProcessorChecker : Bean 'validator' of type [class org.springframework.validation.beanvalidation.LocalValidatorFactoryBean] is not eligible for getting processed by all BeanPostProcessors (for example: not eligible for auto-proxying)
2017-03-30 22:55:51.975  INFO 5008 --- [main] s.b.c.e.t.TomcatEmbeddedServletContainer : Tomcat initialized with port(s): 8080 (http)
2017-03-30 22:55:52.073  INFO 5008 --- [main] o.apache.catalina.core.StandardService   : Starting service Tomcat
2017-03-30 22:55:52.076  INFO 5008 --- [main] org.apache.catalina.core.StandardEngine  : Starting Servlet Engine: Apache Tomcat/8.5.11
2017-03-30 22:55:52.488  INFO 5008 --- [localhost-startStop-1] o.a.c.c.C.[Tomcat].[localhost].[/rest]   : Initializing Spring embedded WebApplicationContext
2017-03-30 22:55:52.489  INFO 5008 --- [localhost-startStop-1] o.s.web.context.ContextLoader            : Root WebApplicationContext: initialization completed in 5682 ms
2017-03-30 22:55:52.784  INFO 5008 --- [localhost-startStop-1] o.s.b.w.servlet.ServletRegistrationBean  : Mapping servlet: 'dispatcherServlet' to [/]
2017-03-30 22:55:52.793  INFO 5008 --- [localhost-startStop-1] o.s.b.w.servlet.FilterRegistrationBean   : Mapping filter: 'characterEncodingFilter' to: [/*]
2017-03-30 22:55:52.807  INFO 5008 --- [localhost-startStop-1] o.s.b.w.servlet.FilterRegistrationBean   : Mapping filter: 'hiddenHttpMethodFilter' to: [/*]
2017-03-30 22:55:52.808  INFO 5008 --- [localhost-startStop-1] o.s.b.w.servlet.FilterRegistrationBean   : Mapping filter: 'httpPutFormContentFilter' to: [/*]
2017-03-30 22:55:52.808  INFO 5008 --- [localhost-startStop-1] o.s.b.w.servlet.FilterRegistrationBean   : Mapping filter: 'requestContextFilter' to: [/*]
2017-03-30 22:55:53.463  INFO 5008 --- [main] s.w.s.m.m.a.RequestMappingHandlerAdapter : Looking for @ControllerAdvice: org.springframework.boot.context.embedded.AnnotationConfigEmbeddedWebApplicationContext@2cdf8d8a: startup date [Thu Mar 30 22:55:46 EDT 2017]; root of context hierarchy
2017-03-30 22:55:53.610  INFO 5008 --- [main] s.w.s.m.m.a.RequestMappingHandlerMapping : Mapped "{[/admin/shutdown]}" onto public void faces.internal.service.core.rest.AdminController.shutdown()
2017-03-30 22:55:53.615  INFO 5008 --- [main] s.w.s.m.m.a.RequestMappingHandlerMapping : Mapped "{[/answers],methods=[GET]}" onto public faces.internal.service.core.dao.Message faces.internal.service.core.rest.AnswerController.root()
2017-03-30 22:55:53.616  INFO 5008 --- [main] s.w.s.m.m.a.RequestMappingHandlerMapping : Mapped "{[/answers/{name}],methods=[GET]}" onto public faces.internal.service.core.dao.Answer faces.internal.service.core.rest.AnswerController.getAnswer(java.lang.String)
2017-03-30 22:55:53.628  INFO 5008 --- [main] s.w.s.m.m.a.RequestMappingHandlerMapping : Mapped "{[/error]}" onto public faces.internal.service.core.dao.ErrorMessage faces.internal.service.core.rest.ErrorHandler.handleError()
2017-03-30 22:55:53.630  INFO 5008 --- [main] s.w.s.m.m.a.RequestMappingHandlerMapping : Mapped "{[/feedbacks],methods=[GET]}" onto public faces.internal.service.core.dao.Message faces.internal.service.core.rest.FeedbackController.root()
2017-03-30 22:55:53.630  INFO 5008 --- [main] s.w.s.m.m.a.RequestMappingHandlerMapping : Mapped "{[/feedbacks/{id}],methods=[GET]}" onto public faces.internal.service.core.dao.Feedback faces.internal.service.core.rest.FeedbackController.getFeedback(java.lang.String)
2017-03-30 22:55:53.631  INFO 5008 --- [main] s.w.s.m.m.a.RequestMappingHandlerMapping : Mapped "{[/questions],methods=[GET]}" onto public faces.internal.service.core.dao.Message faces.internal.service.core.rest.QuestionController.root()
2017-03-30 22:55:53.632  INFO 5008 --- [main] s.w.s.m.m.a.RequestMappingHandlerMapping : Mapped "{[/questions/{id}],methods=[GET]}" onto public faces.internal.service.core.dao.Question faces.internal.service.core.rest.QuestionController.getQuestion(java.lang.String)
2017-03-30 22:55:53.635  INFO 5008 --- [main] s.w.s.m.m.a.RequestMappingHandlerMapping : Mapped "{[/surveys],methods=[GET]}" onto public faces.internal.service.core.dao.Message faces.internal.service.core.rest.SurveyController.root()
2017-03-30 22:55:53.635  INFO 5008 --- [main] s.w.s.m.m.a.RequestMappingHandlerMapping : Mapped "{[/surveys/{id}],methods=[GET]}" onto public faces.internal.service.core.dao.Survey faces.internal.service.core.rest.SurveyController.getSurvey(java.lang.String)
2017-03-30 22:55:53.643  INFO 5008 --- [main] s.w.s.m.m.a.RequestMappingHandlerMapping : Mapped "{[/users],methods=[GET]}" onto public faces.internal.service.core.dao.Message faces.internal.service.core.rest.UserController.root()
2017-03-30 22:55:53.644  INFO 5008 --- [main] s.w.s.m.m.a.RequestMappingHandlerMapping : Mapped "{[/users/{name}],methods=[GET]}" onto public faces.internal.service.core.dao.User faces.internal.service.core.rest.UserController.getUser(java.lang.String)
2017-03-30 22:55:53.699  INFO 5008 --- [main] o.s.w.s.handler.SimpleUrlHandlerMapping  : Mapped URL path [/webjars/**] onto handler of type [class org.springframework.web.servlet.resource.ResourceHttpRequestHandler]
2017-03-30 22:55:53.699  INFO 5008 --- [main] o.s.w.s.handler.SimpleUrlHandlerMapping  : Mapped URL path [/**] onto handler of type [class org.springframework.web.servlet.resource.ResourceHttpRequestHandler]
2017-03-30 22:55:53.750  INFO 5008 --- [main] o.s.w.s.handler.SimpleUrlHandlerMapping  : Mapped URL path [/**/favicon.ico] onto handler of type [class org.springframework.web.servlet.resource.ResourceHttpRequestHandler]
2017-03-30 22:55:53.980  INFO 5008 --- [main] o.s.j.e.a.AnnotationMBeanExporter        : Registering beans for JMX exposure on startup
2017-03-30 22:55:54.090 ERROR 5008 --- [main] o.a.coyote.http11.Http11NioProtocol      : Failed to start end point associated with ProtocolHandler [http-nio-8080]

java.net.BindException: Address already in use: bind
	at sun.nio.ch.Net.bind0(Native Method) ~[na:1.8.0_121]
	at sun.nio.ch.Net.bind(Unknown Source) ~[na:1.8.0_121]
	at sun.nio.ch.Net.bind(Unknown Source) ~[na:1.8.0_121]
	at sun.nio.ch.ServerSocketChannelImpl.bind(Unknown Source) ~[na:1.8.0_121]
	at sun.nio.ch.ServerSocketAdaptor.bind(Unknown Source) ~[na:1.8.0_121]
	at org.apache.tomcat.util.net.NioEndpoint.bind(NioEndpoint.java:210) ~[tomcat-embed-core-8.5.11.jar!/:8.5.11]
	at org.apache.tomcat.util.net.AbstractEndpoint.start(AbstractEndpoint.java:980) ~[tomcat-embed-core-8.5.11.jar!/:8.5.11]
	at org.apache.coyote.AbstractProtocol.start(AbstractProtocol.java:573) ~[tomcat-embed-core-8.5.11.jar!/:8.5.11]
	at org.apache.catalina.connector.Connector.startInternal(Connector.java:993) [tomcat-embed-core-8.5.11.jar!/:8.5.11]
	at org.apache.catalina.util.LifecycleBase.start(LifecycleBase.java:150) [tomcat-embed-core-8.5.11.jar!/:8.5.11]
	at org.apache.catalina.core.StandardService.addConnector(StandardService.java:225) [tomcat-embed-core-8.5.11.jar!/:8.5.11]
	at org.springframework.boot.context.embedded.tomcat.TomcatEmbeddedServletContainer.addPreviouslyRemovedConnectors(TomcatEmbeddedServletContainer.java:241) [spring-boot-1.5.1.RELEASE.jar!/:1.5.1.RELEASE]
	at org.springframework.boot.context.embedded.tomcat.TomcatEmbeddedServletContainer.start(TomcatEmbeddedServletContainer.java:184) [spring-boot-1.5.1.RELEASE.jar!/:1.5.1.RELEASE]
	at org.springframework.boot.context.embedded.EmbeddedWebApplicationContext.startEmbeddedServletContainer(EmbeddedWebApplicationContext.java:297) [spring-boot-1.5.1.RELEASE.jar!/:1.5.1.RELEASE]
	at org.springframework.boot.context.embedded.EmbeddedWebApplicationContext.finishRefresh(EmbeddedWebApplicationContext.java:145) [spring-boot-1.5.1.RELEASE.jar!/:1.5.1.RELEASE]
	at org.springframework.context.support.AbstractApplicationContext.refresh(AbstractApplicationContext.java:545) [spring-context-4.3.5.RELEASE.jar!/:4.3.5.RELEASE]
	at org.springframework.boot.context.embedded.EmbeddedWebApplicationContext.refresh(EmbeddedWebApplicationContext.java:122) [spring-boot-1.5.1.RELEASE.jar!/:1.5.1.RELEASE]
	at org.springframework.boot.SpringApplication.refresh(SpringApplication.java:737) [spring-boot-1.5.1.RELEASE.jar!/:1.5.1.RELEASE]
	at org.springframework.boot.SpringApplication.refreshContext(SpringApplication.java:370) [spring-boot-1.5.1.RELEASE.jar!/:1.5.1.RELEASE]
	at org.springframework.boot.SpringApplication.run(SpringApplication.java:314) [spring-boot-1.5.1.RELEASE.jar!/:1.5.1.RELEASE]
	at faces.internal.service.core.rest.Application.main(Application.java:23) [classes!/:na]
	at sun.reflect.NativeMethodAccessorImpl.invoke0(Native Method) ~[na:1.8.0_121]
	at sun.reflect.NativeMethodAccessorImpl.invoke(Unknown Source) ~[na:1.8.0_121]
	at sun.reflect.DelegatingMethodAccessorImpl.invoke(Unknown Source) ~[na:1.8.0_121]
	at java.lang.reflect.Method.invoke(Unknown Source) ~[na:1.8.0_121]
	at org.springframework.boot.loader.MainMethodRunner.run(MainMethodRunner.java:48) [faces.internal.service.core-0.0.1-SNAPSHOT.jar:na]
	at org.springframework.boot.loader.Launcher.launch(Launcher.java:87) [faces.internal.service.core-0.0.1-SNAPSHOT.jar:na]
	at org.springframework.boot.loader.Launcher.launch(Launcher.java:50) [faces.internal.service.core-0.0.1-SNAPSHOT.jar:na]
	at org.springframework.boot.loader.JarLauncher.main(JarLauncher.java:51) [faces.internal.service.core-0.0.1-SNAPSHOT.jar:na]

2017-03-30 22:55:54.092 ERROR 5008 --- [main] o.apache.catalina.core.StandardService   : Failed to start connector [Connector[HTTP/1.1-8080]]

org.apache.catalina.LifecycleException: Failed to start component [Connector[HTTP/1.1-8080]]
	at org.apache.catalina.util.LifecycleBase.start(LifecycleBase.java:167) ~[tomcat-embed-core-8.5.11.jar!/:8.5.11]
	at org.apache.catalina.core.StandardService.addConnector(StandardService.java:225) ~[tomcat-embed-core-8.5.11.jar!/:8.5.11]
	at org.springframework.boot.context.embedded.tomcat.TomcatEmbeddedServletContainer.addPreviouslyRemovedConnectors(TomcatEmbeddedServletContainer.java:241) [spring-boot-1.5.1.RELEASE.jar!/:1.5.1.RELEASE]
	at org.springframework.boot.context.embedded.tomcat.TomcatEmbeddedServletContainer.start(TomcatEmbeddedServletContainer.java:184) [spring-boot-1.5.1.RELEASE.jar!/:1.5.1.RELEASE]
	at org.springframework.boot.context.embedded.EmbeddedWebApplicationContext.startEmbeddedServletContainer(EmbeddedWebApplicationContext.java:297) [spring-boot-1.5.1.RELEASE.jar!/:1.5.1.RELEASE]
	at org.springframework.boot.context.embedded.EmbeddedWebApplicationContext.finishRefresh(EmbeddedWebApplicationContext.java:145) [spring-boot-1.5.1.RELEASE.jar!/:1.5.1.RELEASE]
	at org.springframework.context.support.AbstractApplicationContext.refresh(AbstractApplicationContext.java:545) [spring-context-4.3.5.RELEASE.jar!/:4.3.5.RELEASE]
	at org.springframework.boot.context.embedded.EmbeddedWebApplicationContext.refresh(EmbeddedWebApplicationContext.java:122) [spring-boot-1.5.1.RELEASE.jar!/:1.5.1.RELEASE]
	at org.springframework.boot.SpringApplication.refresh(SpringApplication.java:737) [spring-boot-1.5.1.RELEASE.jar!/:1.5.1.RELEASE]
	at org.springframework.boot.SpringApplication.refreshContext(SpringApplication.java:370) [spring-boot-1.5.1.RELEASE.jar!/:1.5.1.RELEASE]
	at org.springframework.boot.SpringApplication.run(SpringApplication.java:314) [spring-boot-1.5.1.RELEASE.jar!/:1.5.1.RELEASE]
	at faces.internal.service.core.rest.Application.main(Application.java:23) [classes!/:na]
	at sun.reflect.NativeMethodAccessorImpl.invoke0(Native Method) ~[na:1.8.0_121]
	at sun.reflect.NativeMethodAccessorImpl.invoke(Unknown Source) ~[na:1.8.0_121]
	at sun.reflect.DelegatingMethodAccessorImpl.invoke(Unknown Source) ~[na:1.8.0_121]
	at java.lang.reflect.Method.invoke(Unknown Source) ~[na:1.8.0_121]
	at org.springframework.boot.loader.MainMethodRunner.run(MainMethodRunner.java:48) [faces.internal.service.core-0.0.1-SNAPSHOT.jar:na]
	at org.springframework.boot.loader.Launcher.launch(Launcher.java:87) [faces.internal.service.core-0.0.1-SNAPSHOT.jar:na]
	at org.springframework.boot.loader.Launcher.launch(Launcher.java:50) [faces.internal.service.core-0.0.1-SNAPSHOT.jar:na]
	at org.springframework.boot.loader.JarLauncher.main(JarLauncher.java:51) [faces.internal.service.core-0.0.1-SNAPSHOT.jar:na]
Caused by: org.apache.catalina.LifecycleException: service.getName(): "Tomcat";  Protocol handler start failed
	at org.apache.catalina.connector.Connector.startInternal(Connector.java:1000) ~[tomcat-embed-core-8.5.11.jar!/:8.5.11]
	at org.apache.catalina.util.LifecycleBase.start(LifecycleBase.java:150) ~[tomcat-embed-core-8.5.11.jar!/:8.5.11]
	... 19 common frames omitted
Caused by: java.net.BindException: Address already in use: bind
	at sun.nio.ch.Net.bind0(Native Method) ~[na:1.8.0_121]
	at sun.nio.ch.Net.bind(Unknown Source) ~[na:1.8.0_121]
	at sun.nio.ch.Net.bind(Unknown Source) ~[na:1.8.0_121]
	at sun.nio.ch.ServerSocketChannelImpl.bind(Unknown Source) ~[na:1.8.0_121]
	at sun.nio.ch.ServerSocketAdaptor.bind(Unknown Source) ~[na:1.8.0_121]
	at org.apache.tomcat.util.net.NioEndpoint.bind(NioEndpoint.java:210) ~[tomcat-embed-core-8.5.11.jar!/:8.5.11]
	at org.apache.tomcat.util.net.AbstractEndpoint.start(AbstractEndpoint.java:980) ~[tomcat-embed-core-8.5.11.jar!/:8.5.11]
	at org.apache.coyote.AbstractProtocol.start(AbstractProtocol.java:573) ~[tomcat-embed-core-8.5.11.jar!/:8.5.11]
	at org.apache.catalina.connector.Connector.startInternal(Connector.java:993) ~[tomcat-embed-core-8.5.11.jar!/:8.5.11]
	... 20 common frames omitted

2017-03-30 22:55:54.108  INFO 5008 --- [main] o.apache.catalina.core.StandardService   : Stopping service Tomcat
2017-03-30 22:55:54.160  INFO 5008 --- [main] utoConfigurationReportLoggingInitializer : 

Error starting ApplicationContext. To display the auto-configuration report re-run your application with 'debug' enabled.
2017-03-30 22:55:54.171 ERROR 5008 --- [main] o.s.b.d.LoggingFailureAnalysisReporter   : 

***************************
APPLICATION FAILED TO START
***************************

Description:

The Tomcat connector configured to listen on port 8080 failed to start. The port may already be in use or the connector may be misconfigured.

Action:

Verify the connector's configuration, identify and stop any process that's listening on port 8080, or configure this application to listen on another port.

2017-03-30 22:55:54.175  INFO 5008 --- [main] ationConfigEmbeddedWebApplicationContext : Closing org.springframework.boot.context.embedded.AnnotationConfigEmbeddedWebApplicationContext@2cdf8d8a: startup date [Thu Mar 30 22:55:46 EDT 2017]; root of context hierarchy
2017-03-30 22:55:54.178  INFO 5008 --- [main] o.s.j.e.a.AnnotationMBeanExporter        : Unregistering JMX-exposed beans on shutdown
2017-04-23 13:27:07.727  INFO 7712 --- [main] f.i.service.core.rest.Application        : Starting Application on Edme-PC with PID 7712 (C:\Users\Edme\Documents\Feedback Faces REST API Service\faces.internal.service.core-0.0.1-SNAPSHOT.jar started by Edme in C:\Users\Edme\Documents\Feedback Faces REST API Service)
2017-04-23 13:27:07.788  INFO 7712 --- [main] f.i.service.core.rest.Application        : No active profile set, falling back to default profiles: default
2017-04-23 13:27:08.053  INFO 7712 --- [main] ationConfigEmbeddedWebApplicationContext : Refreshing org.springframework.boot.context.embedded.AnnotationConfigEmbeddedWebApplicationContext@2cdf8d8a: startup date [Sun Apr 23 13:27:08 EDT 2017]; root of context hierarchy
2017-04-23 13:27:11.782  INFO 7712 --- [main] trationDelegate$BeanPostProcessorChecker : Bean 'org.springframework.boot.autoconfigure.validation.ValidationAutoConfiguration' of type [class org.springframework.boot.autoconfigure.validation.ValidationAutoConfiguration] is not eligible for getting processed by all BeanPostProcessors (for example: not eligible for auto-proxying)
2017-04-23 13:27:12.034  INFO 7712 --- [main] trationDelegate$BeanPostProcessorChecker : Bean 'validator' of type [class org.springframework.validation.beanvalidation.LocalValidatorFactoryBean] is not eligible for getting processed by all BeanPostProcessors (for example: not eligible for auto-proxying)
2017-04-23 13:27:13.195  INFO 7712 --- [main] s.b.c.e.t.TomcatEmbeddedServletContainer : Tomcat initialized with port(s): 8080 (http)
2017-04-23 13:27:13.253  INFO 7712 --- [main] o.apache.catalina.core.StandardService   : Starting service Tomcat
2017-04-23 13:27:13.257  INFO 7712 --- [main] org.apache.catalina.core.StandardEngine  : Starting Servlet Engine: Apache Tomcat/8.5.11
2017-04-23 13:27:13.690  INFO 7712 --- [localhost-startStop-1] o.a.c.c.C.[Tomcat].[localhost].[/rest]   : Initializing Spring embedded WebApplicationContext
2017-04-23 13:27:13.690  INFO 7712 --- [localhost-startStop-1] o.s.web.context.ContextLoader            : Root WebApplicationContext: initialization completed in 5680 ms
2017-04-23 13:27:14.176  INFO 7712 --- [localhost-startStop-1] o.s.b.w.servlet.ServletRegistrationBean  : Mapping servlet: 'dispatcherServlet' to [/]
2017-04-23 13:27:14.205  INFO 7712 --- [localhost-startStop-1] o.s.b.w.servlet.FilterRegistrationBean   : Mapping filter: 'characterEncodingFilter' to: [/*]
2017-04-23 13:27:14.207  INFO 7712 --- [localhost-startStop-1] o.s.b.w.servlet.FilterRegistrationBean   : Mapping filter: 'hiddenHttpMethodFilter' to: [/*]
2017-04-23 13:27:14.209  INFO 7712 --- [localhost-startStop-1] o.s.b.w.servlet.FilterRegistrationBean   : Mapping filter: 'httpPutFormContentFilter' to: [/*]
2017-04-23 13:27:14.209  INFO 7712 --- [localhost-startStop-1] o.s.b.w.servlet.FilterRegistrationBean   : Mapping filter: 'requestContextFilter' to: [/*]
2017-04-23 13:27:15.081  INFO 7712 --- [main] s.w.s.m.m.a.RequestMappingHandlerAdapter : Looking for @ControllerAdvice: org.springframework.boot.context.embedded.AnnotationConfigEmbeddedWebApplicationContext@2cdf8d8a: startup date [Sun Apr 23 13:27:08 EDT 2017]; root of context hierarchy
2017-04-23 13:27:15.270  INFO 7712 --- [main] s.w.s.m.m.a.RequestMappingHandlerMapping : Mapped "{[/admin/shutdown]}" onto public void faces.internal.service.core.rest.AdminController.shutdown()
2017-04-23 13:27:15.273  INFO 7712 --- [main] s.w.s.m.m.a.RequestMappingHandlerMapping : Mapped "{[/answers],methods=[GET]}" onto public faces.internal.service.core.dao.Message faces.internal.service.core.rest.AnswerController.root()
2017-04-23 13:27:15.274  INFO 7712 --- [main] s.w.s.m.m.a.RequestMappingHandlerMapping : Mapped "{[/answers/{name}],methods=[GET]}" onto public faces.internal.service.core.dao.Answer faces.internal.service.core.rest.AnswerController.getAnswer(java.lang.String)
2017-04-23 13:27:15.276  INFO 7712 --- [main] s.w.s.m.m.a.RequestMappingHandlerMapping : Mapped "{[/error]}" onto public faces.internal.service.core.dao.ErrorMessage faces.internal.service.core.rest.ErrorHandler.handleError()
2017-04-23 13:27:15.281  INFO 7712 --- [main] s.w.s.m.m.a.RequestMappingHandlerMapping : Mapped "{[/feedbacks],methods=[GET]}" onto public faces.internal.service.core.dao.Message faces.internal.service.core.rest.FeedbackController.root()
2017-04-23 13:27:15.282  INFO 7712 --- [main] s.w.s.m.m.a.RequestMappingHandlerMapping : Mapped "{[/feedbacks/{id}],methods=[GET]}" onto public faces.internal.service.core.dao.Feedback faces.internal.service.core.rest.FeedbackController.getFeedback(java.lang.String)
2017-04-23 13:27:15.283  INFO 7712 --- [main] s.w.s.m.m.a.RequestMappingHandlerMapping : Mapped "{[/questions],methods=[GET]}" onto public faces.internal.service.core.dao.Message faces.internal.service.core.rest.QuestionController.root()
2017-04-23 13:27:15.283  INFO 7712 --- [main] s.w.s.m.m.a.RequestMappingHandlerMapping : Mapped "{[/questions/{id}],methods=[GET]}" onto public faces.internal.service.core.dao.Question faces.internal.service.core.rest.QuestionController.getQuestion(java.lang.String)
2017-04-23 13:27:15.285  INFO 7712 --- [main] s.w.s.m.m.a.RequestMappingHandlerMapping : Mapped "{[/surveys],methods=[GET]}" onto public faces.internal.service.core.dao.Message faces.internal.service.core.rest.SurveyController.root()
2017-04-23 13:27:15.286  INFO 7712 --- [main] s.w.s.m.m.a.RequestMappingHandlerMapping : Mapped "{[/surveys/{id}],methods=[GET]}" onto public faces.internal.service.core.dao.Survey faces.internal.service.core.rest.SurveyController.getSurvey(java.lang.String)
2017-04-23 13:27:15.287  INFO 7712 --- [main] s.w.s.m.m.a.RequestMappingHandlerMapping : Mapped "{[/users],methods=[GET]}" onto public faces.internal.service.core.dao.Message faces.internal.service.core.rest.UserController.root()
2017-04-23 13:27:15.288  INFO 7712 --- [main] s.w.s.m.m.a.RequestMappingHandlerMapping : Mapped "{[/users/{name}],methods=[GET]}" onto public faces.internal.service.core.dao.User faces.internal.service.core.rest.UserController.getUser(java.lang.String)
2017-04-23 13:27:15.337  INFO 7712 --- [main] o.s.w.s.handler.SimpleUrlHandlerMapping  : Mapped URL path [/webjars/**] onto handler of type [class org.springframework.web.servlet.resource.ResourceHttpRequestHandler]
2017-04-23 13:27:15.337  INFO 7712 --- [main] o.s.w.s.handler.SimpleUrlHandlerMapping  : Mapped URL path [/**] onto handler of type [class org.springframework.web.servlet.resource.ResourceHttpRequestHandler]
2017-04-23 13:27:15.400  INFO 7712 --- [main] o.s.w.s.handler.SimpleUrlHandlerMapping  : Mapped URL path [/**/favicon.ico] onto handler of type [class org.springframework.web.servlet.resource.ResourceHttpRequestHandler]
2017-04-23 13:27:15.674  INFO 7712 --- [main] o.s.j.e.a.AnnotationMBeanExporter        : Registering beans for JMX exposure on startup
2017-04-23 13:27:15.802 ERROR 7712 --- [main] o.a.coyote.http11.Http11NioProtocol      : Failed to start end point associated with ProtocolHandler [http-nio-8080]

java.net.BindException: Address already in use: bind
	at sun.nio.ch.Net.bind0(Native Method) ~[na:1.8.0_121]
	at sun.nio.ch.Net.bind(Unknown Source) ~[na:1.8.0_121]
	at sun.nio.ch.Net.bind(Unknown Source) ~[na:1.8.0_121]
	at sun.nio.ch.ServerSocketChannelImpl.bind(Unknown Source) ~[na:1.8.0_121]
	at sun.nio.ch.ServerSocketAdaptor.bind(Unknown Source) ~[na:1.8.0_121]
	at org.apache.tomcat.util.net.NioEndpoint.bind(NioEndpoint.java:210) ~[tomcat-embed-core-8.5.11.jar!/:8.5.11]
	at org.apache.tomcat.util.net.AbstractEndpoint.start(AbstractEndpoint.java:980) ~[tomcat-embed-core-8.5.11.jar!/:8.5.11]
	at org.apache.coyote.AbstractProtocol.start(AbstractProtocol.java:573) ~[tomcat-embed-core-8.5.11.jar!/:8.5.11]
	at org.apache.catalina.connector.Connector.startInternal(Connector.java:993) [tomcat-embed-core-8.5.11.jar!/:8.5.11]
	at org.apache.catalina.util.LifecycleBase.start(LifecycleBase.java:150) [tomcat-embed-core-8.5.11.jar!/:8.5.11]
	at org.apache.catalina.core.StandardService.addConnector(StandardService.java:225) [tomcat-embed-core-8.5.11.jar!/:8.5.11]
	at org.springframework.boot.context.embedded.tomcat.TomcatEmbeddedServletContainer.addPreviouslyRemovedConnectors(TomcatEmbeddedServletContainer.java:241) [spring-boot-1.5.1.RELEASE.jar!/:1.5.1.RELEASE]
	at org.springframework.boot.context.embedded.tomcat.TomcatEmbeddedServletContainer.start(TomcatEmbeddedServletContainer.java:184) [spring-boot-1.5.1.RELEASE.jar!/:1.5.1.RELEASE]
	at org.springframework.boot.context.embedded.EmbeddedWebApplicationContext.startEmbeddedServletContainer(EmbeddedWebApplicationContext.java:297) [spring-boot-1.5.1.RELEASE.jar!/:1.5.1.RELEASE]
	at org.springframework.boot.context.embedded.EmbeddedWebApplicationContext.finishRefresh(EmbeddedWebApplicationContext.java:145) [spring-boot-1.5.1.RELEASE.jar!/:1.5.1.RELEASE]
	at org.springframework.context.support.AbstractApplicationContext.refresh(AbstractApplicationContext.java:545) [spring-context-4.3.5.RELEASE.jar!/:4.3.5.RELEASE]
	at org.springframework.boot.context.embedded.EmbeddedWebApplicationContext.refresh(EmbeddedWebApplicationContext.java:122) [spring-boot-1.5.1.RELEASE.jar!/:1.5.1.RELEASE]
	at org.springframework.boot.SpringApplication.refresh(SpringApplication.java:737) [spring-boot-1.5.1.RELEASE.jar!/:1.5.1.RELEASE]
	at org.springframework.boot.SpringApplication.refreshContext(SpringApplication.java:370) [spring-boot-1.5.1.RELEASE.jar!/:1.5.1.RELEASE]
	at org.springframework.boot.SpringApplication.run(SpringApplication.java:314) [spring-boot-1.5.1.RELEASE.jar!/:1.5.1.RELEASE]
	at faces.internal.service.core.rest.Application.main(Application.java:23) [classes!/:na]
	at sun.reflect.NativeMethodAccessorImpl.invoke0(Native Method) ~[na:1.8.0_121]
	at sun.reflect.NativeMethodAccessorImpl.invoke(Unknown Source) ~[na:1.8.0_121]
	at sun.reflect.DelegatingMethodAccessorImpl.invoke(Unknown Source) ~[na:1.8.0_121]
	at java.lang.reflect.Method.invoke(Unknown Source) ~[na:1.8.0_121]
	at org.springframework.boot.loader.MainMethodRunner.run(MainMethodRunner.java:48) [faces.internal.service.core-0.0.1-SNAPSHOT.jar:na]
	at org.springframework.boot.loader.Launcher.launch(Launcher.java:87) [faces.internal.service.core-0.0.1-SNAPSHOT.jar:na]
	at org.springframework.boot.loader.Launcher.launch(Launcher.java:50) [faces.internal.service.core-0.0.1-SNAPSHOT.jar:na]
	at org.springframework.boot.loader.JarLauncher.main(JarLauncher.java:51) [faces.internal.service.core-0.0.1-SNAPSHOT.jar:na]

2017-04-23 13:27:15.805 ERROR 7712 --- [main] o.apache.catalina.core.StandardService   : Failed to start connector [Connector[HTTP/1.1-8080]]

org.apache.catalina.LifecycleException: Failed to start component [Connector[HTTP/1.1-8080]]
	at org.apache.catalina.util.LifecycleBase.start(LifecycleBase.java:167) ~[tomcat-embed-core-8.5.11.jar!/:8.5.11]
	at org.apache.catalina.core.StandardService.addConnector(StandardService.java:225) ~[tomcat-embed-core-8.5.11.jar!/:8.5.11]
	at org.springframework.boot.context.embedded.tomcat.TomcatEmbeddedServletContainer.addPreviouslyRemovedConnectors(TomcatEmbeddedServletContainer.java:241) [spring-boot-1.5.1.RELEASE.jar!/:1.5.1.RELEASE]
	at org.springframework.boot.context.embedded.tomcat.TomcatEmbeddedServletContainer.start(TomcatEmbeddedServletContainer.java:184) [spring-boot-1.5.1.RELEASE.jar!/:1.5.1.RELEASE]
	at org.springframework.boot.context.embedded.EmbeddedWebApplicationContext.startEmbeddedServletContainer(EmbeddedWebApplicationContext.java:297) [spring-boot-1.5.1.RELEASE.jar!/:1.5.1.RELEASE]
	at org.springframework.boot.context.embedded.EmbeddedWebApplicationContext.finishRefresh(EmbeddedWebApplicationContext.java:145) [spring-boot-1.5.1.RELEASE.jar!/:1.5.1.RELEASE]
	at org.springframework.context.support.AbstractApplicationContext.refresh(AbstractApplicationContext.java:545) [spring-context-4.3.5.RELEASE.jar!/:4.3.5.RELEASE]
	at org.springframework.boot.context.embedded.EmbeddedWebApplicationContext.refresh(EmbeddedWebApplicationContext.java:122) [spring-boot-1.5.1.RELEASE.jar!/:1.5.1.RELEASE]
	at org.springframework.boot.SpringApplication.refresh(SpringApplication.java:737) [spring-boot-1.5.1.RELEASE.jar!/:1.5.1.RELEASE]
	at org.springframework.boot.SpringApplication.refreshContext(SpringApplication.java:370) [spring-boot-1.5.1.RELEASE.jar!/:1.5.1.RELEASE]
	at org.springframework.boot.SpringApplication.run(SpringApplication.java:314) [spring-boot-1.5.1.RELEASE.jar!/:1.5.1.RELEASE]
	at faces.internal.service.core.rest.Application.main(Application.java:23) [classes!/:na]
	at sun.reflect.NativeMethodAccessorImpl.invoke0(Native Method) ~[na:1.8.0_121]
	at sun.reflect.NativeMethodAccessorImpl.invoke(Unknown Source) ~[na:1.8.0_121]
	at sun.reflect.DelegatingMethodAccessorImpl.invoke(Unknown Source) ~[na:1.8.0_121]
	at java.lang.reflect.Method.invoke(Unknown Source) ~[na:1.8.0_121]
	at org.springframework.boot.loader.MainMethodRunner.run(MainMethodRunner.java:48) [faces.internal.service.core-0.0.1-SNAPSHOT.jar:na]
	at org.springframework.boot.loader.Launcher.launch(Launcher.java:87) [faces.internal.service.core-0.0.1-SNAPSHOT.jar:na]
	at org.springframework.boot.loader.Launcher.launch(Launcher.java:50) [faces.internal.service.core-0.0.1-SNAPSHOT.jar:na]
	at org.springframework.boot.loader.JarLauncher.main(JarLauncher.java:51) [faces.internal.service.core-0.0.1-SNAPSHOT.jar:na]
Caused by: org.apache.catalina.LifecycleException: service.getName(): "Tomcat";  Protocol handler start failed
	at org.apache.catalina.connector.Connector.startInternal(Connector.java:1000) ~[tomcat-embed-core-8.5.11.jar!/:8.5.11]
	at org.apache.catalina.util.LifecycleBase.start(LifecycleBase.java:150) ~[tomcat-embed-core-8.5.11.jar!/:8.5.11]
	... 19 common frames omitted
Caused by: java.net.BindException: Address already in use: bind
	at sun.nio.ch.Net.bind0(Native Method) ~[na:1.8.0_121]
	at sun.nio.ch.Net.bind(Unknown Source) ~[na:1.8.0_121]
	at sun.nio.ch.Net.bind(Unknown Source) ~[na:1.8.0_121]
	at sun.nio.ch.ServerSocketChannelImpl.bind(Unknown Source) ~[na:1.8.0_121]
	at sun.nio.ch.ServerSocketAdaptor.bind(Unknown Source) ~[na:1.8.0_121]
	at org.apache.tomcat.util.net.NioEndpoint.bind(NioEndpoint.java:210) ~[tomcat-embed-core-8.5.11.jar!/:8.5.11]
	at org.apache.tomcat.util.net.AbstractEndpoint.start(AbstractEndpoint.java:980) ~[tomcat-embed-core-8.5.11.jar!/:8.5.11]
	at org.apache.coyote.AbstractProtocol.start(AbstractProtocol.java:573) ~[tomcat-embed-core-8.5.11.jar!/:8.5.11]
	at org.apache.catalina.connector.Connector.startInternal(Connector.java:993) ~[tomcat-embed-core-8.5.11.jar!/:8.5.11]
	... 20 common frames omitted

2017-04-23 13:27:15.845  INFO 7712 --- [main] o.apache.catalina.core.StandardService   : Stopping service Tomcat
2017-04-23 13:27:15.895  INFO 7712 --- [main] utoConfigurationReportLoggingInitializer : 

Error starting ApplicationContext. To display the auto-configuration report re-run your application with 'debug' enabled.
2017-04-23 13:27:15.906 ERROR 7712 --- [main] o.s.b.d.LoggingFailureAnalysisReporter   : 

***************************
APPLICATION FAILED TO START
***************************

Description:

The Tomcat connector configured to listen on port 8080 failed to start. The port may already be in use or the connector may be misconfigured.

Action:

Verify the connector's configuration, identify and stop any process that's listening on port 8080, or configure this application to listen on another port.

2017-04-23 13:27:15.921  INFO 7712 --- [main] ationConfigEmbeddedWebApplicationContext : Closing org.springframework.boot.context.embedded.AnnotationConfigEmbeddedWebApplicationContext@2cdf8d8a: startup date [Sun Apr 23 13:27:08 EDT 2017]; root of context hierarchy
2017-04-23 13:27:15.923  INFO 7712 --- [main] o.s.j.e.a.AnnotationMBeanExporter        : Unregistering JMX-exposed beans on shutdown
